Fri Apr 18 12:20:17 2008 :: PID: 9090
Fri Apr 18 12:20:17 2008 :: Booting Database
 0 0 0 0 0 0 0 0 0 0 0 0 0 0 0 0 0 0 0 0 0 0 0 0 0 0 0 0 0 0 0 0
Fri Apr 18 12:20:17 2008 :: [*****] BOOT: ---------------------[ Boot Log ]--------------------
Fri Apr 18 12:20:17 2008 :: Loading commands
Fri Apr 18 12:20:17 2008 :: Loading sysdata configuration...
Fri Apr 18 12:20:17 2008 :: Loading socials
Fri Apr 18 12:20:17 2008 :: Loading skill table
Fri Apr 18 12:20:17 2008 :: Sorting skill table...
Fri Apr 18 12:20:17 2008 :: Loading herb table
Fri Apr 18 12:20:17 2008 :: Making wizlist
Fri Apr 18 12:20:17 2008 :: Initializing request pipe
Fri Apr 18 12:20:17 2008 :: Initializing random number generator
Fri Apr 18 12:20:17 2008 :: Setting time and weather
Fri Apr 18 12:20:17 2008 :: Assigning gsn's
ASSIGN_GSN: Skill makehulltracker not found.
ASSIGN_GSN: Skill makeinternaltracker not found.
ASSIGN_GSN: Skill makemissile not found.
ASSIGN_GSN: Skill shieldwork not found.
ASSIGN_GSN: Skill feed not found.
ASSIGN_GSN: Skill bite not found.
ASSIGN_GSN: Skill claw not found.
ASSIGN_GSN: Skill sting not found.
ASSIGN_GSN: Skill tail not found.
ASSIGN_GSN: Skill study not found.
ASSIGN_GSN: Skill brew not found.
ASSIGN_GSN: Skill slice not found.
ASSIGN_GSN: Skill chill touch not found.
ASSIGN_GSN: Skill curse not found.
Fri Apr 18 12:20:17 2008 :: Reading in area files...
(help.are)
limbo.are     : Rooms:     1 - 45    Objs:     2 - 99    Mobs:     1 - 98
newacad.are   : Rooms: 10300 - 10430 Objs: 10300 - 10499 Mobs: 10340 - 10499
Fri Apr 18 12:20:17 2008 :: [*****] FILE: space.are LINE: 9717
Fri Apr 18 12:20:17 2008 :: [*****] BUG: Get_obj_index: bad vnum 2700.
Fri Apr 18 12:20:17 2008 :: [*****] BOOT: Load_resets: space.are (1) 'O': object 2700 doesn't exist.
space.are     : Rooms: 32000 - 32499 Objs: 32000 - 32499 Mobs: 32000 - 32499
omni_complex  : Rooms:   100 - 150   Objs:   100 - 150   Mobs:     0 - 0
templaterooms.are: Rooms:  2700 - 3197  Objs:  2700 - 2700  Mobs:     0 - 0
Fri Apr 18 12:20:17 2008 :: Fixing exits
Fri Apr 18 12:20:17 2008 :: Initializing economy
Fri Apr 18 12:20:17 2008 :: Loading buildlist
Fri Apr 18 12:20:17 2008 :: ../gods/Darrik
Fri Apr 18 12:20:17 2008 :: Loading boards
Fri Apr 18 12:20:17 2008 :: Loading clans
Fri Apr 18 12:20:17 2008 :: Loading clans...
Fri Apr 18 12:20:17 2008 :: empire.clan
Fri Apr 18 12:20:17 2008 :: Storeroom not found
Fri Apr 18 12:20:17 2008 :: rebel.clan
Fri Apr 18 12:20:17 2008 :: Storeroom not found
Fri Apr 18 12:20:17 2008 :: assassins.guild
Fri Apr 18 12:20:17 2008 :: Storeroom not found
Fri Apr 18 12:20:17 2008 :: csa.clan
Fri Apr 18 12:20:17 2008 :: Storeroom not found
Fri Apr 18 12:20:17 2008 :: Triad.clan
Fri Apr 18 12:20:17 2008 :: Storeroom not found
Fri Apr 18 12:20:17 2008 :: BaClan
Fri Apr 18 12:20:17 2008 :: Storeroom not found
Fri Apr 18 12:20:17 2008 :: sexicouncil.clan
Fri Apr 18 12:20:17 2008 :: Storeroom not found
Fri Apr 18 12:20:17 2008 :: tttech.clan
Fri Apr 18 12:20:17 2008 :: Storeroom not found
Fri Apr 18 12:20:17 2008 :: $
Fri Apr 18 12:20:17 2008 ::  Done clans
Sorting clans....
Fri Apr 18 12:20:17 2008 ::  Done sorting
Fri Apr 18 12:20:17 2008 :: Loading senate
Fri Apr 18 12:20:17 2008 :: Loading bans
Fri Apr 18 12:20:17 2008 :: Loading corpses
Fri Apr 18 12:20:17 2008 :: Loading space
Fri Apr 18 12:20:17 2008 :: Loading space...
Fri Apr 18 12:20:17 2008 :: [*****] BUG: Fread_spaceobject: no match: ~
Fri Apr 18 12:20:17 2008 ::  Done spaceobjects 
Fri Apr 18 12:20:17 2008 :: Loading ships
Fri Apr 18 12:20:17 2008 :: Loading ships...
Fri Apr 18 12:20:17 2008 :: [*****] BUG: Load_ship_file: # not found.
Fri Apr 18 12:20:17 2008 :: [*****] BUG: Load_ship_file: # not found.
Fri Apr 18 12:20:17 2008 :: [*****] BUG: Load_ship_file: # not found.
Fri Apr 18 12:20:17 2008 :: [*****] BUG: Load_ship_file: # not found.
Fri Apr 18 12:20:17 2008 :: [*****] BUG: Load_ship_file: # not found.
Fri Apr 18 12:20:17 2008 :: [*****] BUG: Load_ship_file: # not found.
Fri Apr 18 12:20:17 2008 :: [*****] BUG: Load_ship_file: # not found.
Fri Apr 18 12:20:17 2008 :: [*****] BUG: Load_ship_file: # not found.
Fri Apr 18 12:20:17 2008 :: [*****] BUG: Load_ship_file: # not found.
Fri Apr 18 12:20:17 2008 :: [*****] BUG: Load_ship_file: # not found.
Fri Apr 18 12:20:17 2008 :: [*****] BUG: Load_ship_file: # not found.
Fri Apr 18 12:20:17 2008 :: [*****] BUG: Load_ship_file: # not found.
Fri Apr 18 12:20:17 2008 ::  Done ships 
Fri Apr 18 12:20:17 2008 :: Loading bounties
Fri Apr 18 12:20:17 2008 :: Loading disintigrations...
Fri Apr 18 12:20:17 2008 ::  Done bounties 
Fri Apr 18 12:20:17 2008 :: Loading governments
Fri Apr 18 12:20:17 2008 :: Loading planets...
Fri Apr 18 12:20:17 2008 :: $
Fri Apr 18 12:20:17 2008 ::  Done planets 
Fri Apr 18 12:20:17 2008 :: Resetting areas
Resetting: limbo.are
Resetting: newacad.are
Resetting: space.are
Resetting: omni_complex
Resetting: templaterooms.are
Fri Apr 18 12:20:17 2008 :: Reading in Vendors
Fri Apr 18 12:20:17 2008 :: Reading in Storerooms
Fri Apr 18 12:20:17 2008 :: Initializing socket
Fri Apr 18 12:20:17 2008 :: Rise in Power ready on port 7654.
Resetting: newacad.are
Fri Apr 18 12:21:42 2008 :: Sock.sinaddr:  199.94.169.247, port 23772.
Fri Apr 18 12:21:44 2008 :: Preloading player data for: Drake (1K)
Fri Apr 18 12:21:46 2008 :: Loading player data for: Drake (1K)
Fri Apr 18 12:21:46 2008 :: Drake@199.94.169.247(unknown) has connected.
Resetting: newacad.are
Fri Apr 18 12:23:18 2008 :: Log Drake: loadup darrik
Fri Apr 18 12:23:18 2008 :: Loading player data for: Darrik (7K)
Fri Apr 18 12:23:23 2008 :: Log Drake: mset darrik password darrik
Fri Apr 18 12:23:26 2008 :: Log Drake: force darrik quit
Fri Apr 18 12:23:26 2008 :: Darrik has quit. (Room 100)
Fri Apr 18 12:23:35 2008 :: Log Drake: slookup backstab
Fri Apr 18 12:23:40 2008 :: Log Drake: sset backstab code do_backstab
Fri Apr 18 12:23:44 2008 :: Log Drake: sset hitall code do_hitall
Fri Apr 18 12:23:48 2008 :: Log Drake: sset punch code do_punch
Fri Apr 18 12:23:51 2008 :: Log Drake: sset snipe code do_snipe
Fri Apr 18 12:23:53 2008 :: Log Drake: sset throw code do_throw
Fri Apr 18 12:23:56 2008 :: Log Drake: cedit murder create
Fri Apr 18 12:23:57 2008 :: Log Drake: cedit murder level 1
Fri Apr 18 12:23:59 2008 :: Log Drake: cedit fire create
Fri Apr 18 12:24:01 2008 :: Log Drake: cedit fire level 1
Fri Apr 18 12:24:02 2008 :: Log Drake: cedit save
Resetting: newacad.are
